{"E:\\GitHub\\keywee\\src\\array\\arrCross\\arrCross.ts": {"path":"E:\\GitHub\\keywee\\src\\array\\arrCross\\arrCross.ts","statementMap":{"0":{"start":{"line":15,"column":17},"end":{"line":17,"column":1}},"1":{"start":{"line":16,"column":2},"end":{"line":16,"column":61}},"2":{"start":{"line":16,"column":31},"end":{"line":16,"column":59}},"3":{"start":{"line":19,"column":0},"end":{"line":19,"column":24}}},"fnMap":{"0":{"name":"(anonymous_0)","decl":{"start":{"line":15,"column":17},"end":{"line":15,"column":18}},"loc":{"start":{"line":15,"column":54},"end":{"line":17,"column":1}}},"1":{"name":"(anonymous_1)","decl":{"start":{"line":16,"column":20},"end":{"line":16,"column":21}},"loc":{"start":{"line":16,"column":31},"end":{"line":16,"column":59}}}},"branchMap":{},"s":{"0":1,"1":1,"2":5,"3":1},"f":{"0":1,"1":5},"b":{}}
,"E:\\GitHub\\keywee\\src\\array\\arrDiff\\arrDiff.ts": {"path":"E:\\GitHub\\keywee\\src\\array\\arrDiff\\arrDiff.ts","statementMap":{"0":{"start":{"line":15,"column":16},"end":{"line":17,"column":1}},"1":{"start":{"line":16,"column":2},"end":{"line":16,"column":61}},"2":{"start":{"line":16,"column":31},"end":{"line":16,"column":59}},"3":{"start":{"line":19,"column":0},"end":{"line":19,"column":23}}},"fnMap":{"0":{"name":"(anonymous_0)","decl":{"start":{"line":15,"column":16},"end":{"line":15,"column":17}},"loc":{"start":{"line":15,"column":53},"end":{"line":17,"column":1}}},"1":{"name":"(anonymous_1)","decl":{"start":{"line":16,"column":20},"end":{"line":16,"column":21}},"loc":{"start":{"line":16,"column":31},"end":{"line":16,"column":59}}}},"branchMap":{},"s":{"0":2,"1":2,"2":10,"3":2},"f":{"0":2,"1":10},"b":{}}
,"E:\\GitHub\\keywee\\src\\array\\arrDiff\\index.ts": {"path":"E:\\GitHub\\keywee\\src\\array\\arrDiff\\index.ts","statementMap":{"0":{"start":{"line":1,"column":0},"end":{"line":1,"column":9}},"1":{"start":{"line":1,"column":9},"end":{"line":1,"column":27}}},"fnMap":{"0":{"name":"(anonymous_1)","decl":{"start":{"line":1,"column":9},"end":{"line":1,"column":16}},"loc":{"start":{"line":1,"column":9},"end":{"line":1,"column":27}}}},"branchMap":{},"s":{"0":1,"1":2},"f":{"0":1},"b":{}}
,"E:\\GitHub\\keywee\\src\\array\\arrUnion\\arrUnion.ts": {"path":"E:\\GitHub\\keywee\\src\\array\\arrUnion\\arrUnion.ts","statementMap":{"0":{"start":{"line":1,"column":0},"end":{"line":1,"column":37}},"1":{"start":{"line":17,"column":17},"end":{"line":19,"column":1}},"2":{"start":{"line":18,"column":2},"end":{"line":18,"column":43}},"3":{"start":{"line":21,"column":0},"end":{"line":21,"column":24}}},"fnMap":{"0":{"name":"(anonymous_0)","decl":{"start":{"line":17,"column":17},"end":{"line":17,"column":18}},"loc":{"start":{"line":17,"column":54},"end":{"line":19,"column":1}}}},"branchMap":{},"s":{"0":1,"1":1,"2":1,"3":1},"f":{"0":1},"b":{}}
,"E:\\GitHub\\keywee\\src\\object\\hasKey\\hasKey.ts": {"path":"E:\\GitHub\\keywee\\src\\object\\hasKey\\hasKey.ts","statementMap":{"0":{"start":{"line":21,"column":15},"end":{"line":42,"column":1}},"1":{"start":{"line":25,"column":16},"end":{"line":25,"column":20}},"2":{"start":{"line":27,"column":2},"end":{"line":39,"column":null}},"3":{"start":{"line":28,"column":12},"end":{"line":28,"column":23}},"4":{"start":{"line":29,"column":4},"end":{"line":34,"column":null}},"5":{"start":{"line":30,"column":6},"end":{"line":33,"column":null}},"6":{"start":{"line":31,"column":8},"end":{"line":31,"column":24}},"7":{"start":{"line":32,"column":8},"end":{"line":32,"column":14}},"8":{"start":{"line":36,"column":4},"end":{"line":38,"column":null}},"9":{"start":{"line":37,"column":6},"end":{"line":37,"column":22}},"10":{"start":{"line":41,"column":2},"end":{"line":41,"column":17}},"11":{"start":{"line":44,"column":0},"end":{"line":44,"column":22}}},"fnMap":{"0":{"name":"(anonymous_0)","decl":{"start":{"line":21,"column":15},"end":{"line":21,"column":null}},"loc":{"start":{"line":24,"column":13},"end":{"line":42,"column":1}}}},"branchMap":{"0":{"loc":{"start":{"line":27,"column":2},"end":{"line":39,"column":null}},"type":"if","locations":[{"start":{"line":27,"column":2},"end":{"line":39,"column":null}},{"start":{"line":35,"column":9},"end":{"line":39,"column":null}}]},"1":{"loc":{"start":{"line":30,"column":6},"end":{"line":33,"column":null}},"type":"if","locations":[{"start":{"line":30,"column":6},"end":{"line":33,"column":null}}]},"2":{"loc":{"start":{"line":36,"column":4},"end":{"line":38,"column":null}},"type":"if","locations":[{"start":{"line":36,"column":4},"end":{"line":38,"column":null}}]}},"s":{"0":4,"1":57,"2":57,"3":2,"4":2,"5":3,"6":1,"7":1,"8":55,"9":4,"10":57,"11":4},"f":{"0":57},"b":{"0":[2,55],"1":[1],"2":[4]}}
,"E:\\GitHub\\keywee\\src\\object\\hasKey\\index.ts": {"path":"E:\\GitHub\\keywee\\src\\object\\hasKey\\index.ts","statementMap":{"0":{"start":{"line":1,"column":0},"end":{"line":1,"column":9}},"1":{"start":{"line":1,"column":9},"end":{"line":1,"column":26}}},"fnMap":{"0":{"name":"(anonymous_1)","decl":{"start":{"line":1,"column":9},"end":{"line":1,"column":16}},"loc":{"start":{"line":1,"column":9},"end":{"line":1,"column":26}}}},"branchMap":{},"s":{"0":3,"1":53},"f":{"0":50},"b":{}}
,"E:\\GitHub\\keywee\\src\\object\\objFlush\\objFlush.ts": {"path":"E:\\GitHub\\keywee\\src\\object\\objFlush\\objFlush.ts","statementMap":{"0":{"start":{"line":1,"column":0},"end":{"line":1,"column":35}},"1":{"start":{"line":33,"column":17},"end":{"line":55,"column":1}},"2":{"start":{"line":37,"column":2},"end":{"line":52,"column":null}},"3":{"start":{"line":38,"column":4},"end":{"line":42,"column":null}},"4":{"start":{"line":39,"column":6},"end":{"line":41,"column":null}},"5":{"start":{"line":40,"column":8},"end":{"line":40,"column":24}},"6":{"start":{"line":43,"column":9},"end":{"line":52,"column":null}},"7":{"start":{"line":44,"column":12},"end":{"line":44,"column":23}},"8":{"start":{"line":45,"column":4},"end":{"line":49,"column":null}},"9":{"start":{"line":46,"column":6},"end":{"line":48,"column":null}},"10":{"start":{"line":47,"column":8},"end":{"line":47,"column":28}},"11":{"start":{"line":50,"column":9},"end":{"line":52,"column":null}},"12":{"start":{"line":51,"column":4},"end":{"line":51,"column":21}},"13":{"start":{"line":54,"column":2},"end":{"line":54,"column":13}},"14":{"start":{"line":57,"column":0},"end":{"line":57,"column":24}}},"fnMap":{"0":{"name":"(anonymous_0)","decl":{"start":{"line":33,"column":17},"end":{"line":33,"column":null}},"loc":{"start":{"line":36,"column":19},"end":{"line":55,"column":1}}}},"branchMap":{"0":{"loc":{"start":{"line":37,"column":2},"end":{"line":52,"column":null}},"type":"if","locations":[{"start":{"line":37,"column":2},"end":{"line":52,"column":null}},{"start":{"line":43,"column":9},"end":{"line":52,"column":null}}]},"1":{"loc":{"start":{"line":39,"column":6},"end":{"line":41,"column":null}},"type":"if","locations":[{"start":{"line":39,"column":6},"end":{"line":41,"column":null}}]},"2":{"loc":{"start":{"line":43,"column":9},"end":{"line":52,"column":null}},"type":"if","locations":[{"start":{"line":43,"column":9},"end":{"line":52,"column":null}},{"start":{"line":50,"column":9},"end":{"line":52,"column":null}}]},"3":{"loc":{"start":{"line":46,"column":6},"end":{"line":48,"column":null}},"type":"if","locations":[{"start":{"line":46,"column":6},"end":{"line":48,"column":null}}]},"4":{"loc":{"start":{"line":50,"column":9},"end":{"line":52,"column":null}},"type":"if","locations":[{"start":{"line":50,"column":9},"end":{"line":52,"column":null}}]}},"s":{"0":1,"1":1,"2":3,"3":1,"4":2,"5":2,"6":2,"7":1,"8":1,"9":2,"10":2,"11":1,"12":1,"13":3,"14":1},"f":{"0":3},"b":{"0":[1,2],"1":[2],"2":[1,1],"3":[2],"4":[1]}}
,"E:\\GitHub\\keywee\\src\\object\\objPick\\objPick.ts": {"path":"E:\\GitHub\\keywee\\src\\object\\objPick\\objPick.ts","statementMap":{"0":{"start":{"line":1,"column":0},"end":{"line":1,"column":35}},"1":{"start":{"line":32,"column":16},"end":{"line":53,"column":1}},"2":{"start":{"line":40,"column":35},"end":{"line":40,"column":48}},"3":{"start":{"line":41,"column":35},"end":{"line":41,"column":37}},"4":{"start":{"line":43,"column":10},"end":{"line":43,"column":21}},"5":{"start":{"line":44,"column":2},"end":{"line":50,"column":null}},"6":{"start":{"line":45,"column":4},"end":{"line":49,"column":null}},"7":{"start":{"line":46,"column":6},"end":{"line":46,"column":37}},"8":{"start":{"line":47,"column":11},"end":{"line":49,"column":null}},"9":{"start":{"line":48,"column":6},"end":{"line":48,"column":45}},"10":{"start":{"line":52,"column":2},"end":{"line":52,"column":16}},"11":{"start":{"line":55,"column":0},"end":{"line":55,"column":23}}},"fnMap":{"0":{"name":"(anonymous_0)","decl":{"start":{"line":32,"column":16},"end":{"line":32,"column":null}},"loc":{"start":{"line":39,"column":60},"end":{"line":53,"column":1}}}},"branchMap":{"0":{"loc":{"start":{"line":40,"column":35},"end":{"line":40,"column":48}},"type":"binary-expr","locations":[{"start":{"line":40,"column":35},"end":{"line":40,"column":42}},{"start":{"line":40,"column":46},"end":{"line":40,"column":48}}]},"1":{"loc":{"start":{"line":45,"column":4},"end":{"line":49,"column":null}},"type":"if","locations":[{"start":{"line":45,"column":4},"end":{"line":49,"column":null}},{"start":{"line":47,"column":11},"end":{"line":49,"column":null}}]},"2":{"loc":{"start":{"line":47,"column":11},"end":{"line":49,"column":null}},"type":"if","locations":[{"start":{"line":47,"column":11},"end":{"line":49,"column":null}}]},"3":{"loc":{"start":{"line":48,"column":24},"end":{"line":48,"column":44}},"type":"binary-expr","locations":[{"start":{"line":48,"column":24},"end":{"line":48,"column":36}},{"start":{"line":48,"column":40},"end":{"line":48,"column":44}}]}},"s":{"0":1,"1":1,"2":3,"3":3,"4":3,"5":3,"6":6,"7":4,"8":2,"9":2,"10":3,"11":1},"f":{"0":3},"b":{"0":[3,1],"1":[4,2],"2":[2],"3":[2,1]}}
,"E:\\GitHub\\keywee\\src\\object\\objSanitize\\objSanitize.ts": {"path":"E:\\GitHub\\keywee\\src\\object\\objSanitize\\objSanitize.ts","statementMap":{"0":{"start":{"line":1,"column":0},"end":{"line":1,"column":35}},"1":{"start":{"line":42,"column":20},"end":{"line":89,"column":1}},"2":{"start":{"line":52,"column":4},"end":{"line":52,"column":17}},"3":{"start":{"line":53,"column":28},"end":{"line":53,"column":31}},"4":{"start":{"line":55,"column":18},"end":{"line":84,"column":3}},"5":{"start":{"line":56,"column":4},"end":{"line":83,"column":null}},"6":{"start":{"line":57,"column":6},"end":{"line":57,"column":41}},"7":{"start":{"line":57,"column":32},"end":{"line":57,"column":41}},"8":{"start":{"line":59,"column":24},"end":{"line":59,"column":65}},"9":{"start":{"line":62,"column":8},"end":{"line":65,"column":45}},"10":{"start":{"line":68,"column":8},"end":{"line":70,"column":27}},"11":{"start":{"line":72,"column":6},"end":{"line":82,"column":null}},"12":{"start":{"line":79,"column":8},"end":{"line":79,"column":27}},"13":{"start":{"line":80,"column":13},"end":{"line":82,"column":null}},"14":{"start":{"line":81,"column":8},"end":{"line":81,"column":29}},"15":{"start":{"line":86,"column":2},"end":{"line":86,"column":48}},"16":{"start":{"line":88,"column":2},"end":{"line":88,"column":46}},"17":{"start":{"line":91,"column":0},"end":{"line":91,"column":27}}},"fnMap":{"0":{"name":"(anonymous_0)","decl":{"start":{"line":42,"column":20},"end":{"line":42,"column":null}},"loc":{"start":{"line":50,"column":19},"end":{"line":89,"column":1}}},"1":{"name":"(anonymous_1)","decl":{"start":{"line":55,"column":18},"end":{"line":55,"column":19}},"loc":{"start":{"line":55,"column":52},"end":{"line":84,"column":3}}}},"branchMap":{"0":{"loc":{"start":{"line":52,"column":4},"end":{"line":52,"column":17}},"type":"binary-expr","locations":[{"start":{"line":52,"column":4},"end":{"line":52,"column":11}},{"start":{"line":52,"column":15},"end":{"line":52,"column":17}}]},"1":{"loc":{"start":{"line":57,"column":6},"end":{"line":57,"column":41}},"type":"if","locations":[{"start":{"line":57,"column":6},"end":{"line":57,"column":41}}]},"2":{"loc":{"start":{"line":59,"column":24},"end":{"line":59,"column":65}},"type":"cond-expr","locations":[{"start":{"line":59,"column":35},"end":{"line":59,"column":57}},{"start":{"line":59,"column":60},"end":{"line":59,"column":65}}]},"3":{"loc":{"start":{"line":62,"column":8},"end":{"line":65,"column":45}},"type":"binary-expr","locations":[{"start":{"line":62,"column":8},"end":{"line":62,"column":26}},{"start":{"line":63,"column":8},"end":{"line":63,"column":19}},{"start":{"line":64,"column":8},"end":{"line":64,"column":39}},{"start":{"line":65,"column":8},"end":{"line":65,"column":45}}]},"4":{"loc":{"start":{"line":68,"column":8},"end":{"line":70,"column":27}},"type":"binary-expr","locations":[{"start":{"line":68,"column":8},"end":{"line":68,"column":26}},{"start":{"line":69,"column":8},"end":{"line":69,"column":39}},{"start":{"line":70,"column":8},"end":{"line":70,"column":27}}]},"5":{"loc":{"start":{"line":72,"column":6},"end":{"line":82,"column":null}},"type":"if","locations":[{"start":{"line":72,"column":6},"end":{"line":82,"column":null}},{"start":{"line":80,"column":13},"end":{"line":82,"column":null}}]},"6":{"loc":{"start":{"line":73,"column":8},"end":{"line":77,"column":17}},"type":"binary-expr","locations":[{"start":{"line":73,"column":8},"end":{"line":73,"column":28}},{"start":{"line":74,"column":8},"end":{"line":74,"column":33}},{"start":{"line":75,"column":8},"end":{"line":75,"column":18}},{"start":{"line":76,"column":8},"end":{"line":76,"column":21}},{"start":{"line":77,"column":8},"end":{"line":77,"column":17}}]},"7":{"loc":{"start":{"line":80,"column":13},"end":{"line":82,"column":null}},"type":"if","locations":[{"start":{"line":80,"column":13},"end":{"line":82,"column":null}}]},"8":{"loc":{"start":{"line":86,"column":10},"end":{"line":86,"column":46}},"type":"cond-expr","locations":[{"start":{"line":86,"column":29},"end":{"line":86,"column":40}},{"start":{"line":86,"column":43},"end":{"line":86,"column":46}}]},"9":{"loc":{"start":{"line":88,"column":9},"end":{"line":88,"column":45}},"type":"cond-expr","locations":[{"start":{"line":88,"column":28},"end":{"line":88,"column":39}},{"start":{"line":88,"column":42},"end":{"line":88,"column":45}}]}},"s":{"0":1,"1":1,"2":4,"3":4,"4":4,"5":14,"6":39,"7":0,"8":39,"9":39,"10":39,"11":39,"12":16,"13":23,"14":10,"15":4,"16":4,"17":1},"f":{"0":4,"1":14},"b":{"0":[4,1],"1":[0],"2":[15,24],"3":[39,2,2,1],"4":[39,3,2],"5":[16,23],"6":[39,37,35,33,32],"7":[10],"8":[0,4],"9":[0,4]}}
,"E:\\GitHub\\keywee\\src\\string\\snakeCase\\snakeCase.ts": {"path":"E:\\GitHub\\keywee\\src\\string\\snakeCase\\snakeCase.ts","statementMap":{"0":{"start":{"line":18,"column":18},"end":{"line":32,"column":1}},"1":{"start":{"line":24,"column":24},"end":{"line":24,"column":37}},"2":{"start":{"line":25,"column":16},"end":{"line":26,"column":null}},"3":{"start":{"line":29,"column":2},"end":{"line":31,"column":12}},"4":{"start":{"line":30,"column":35},"end":{"line":30,"column":54}},"5":{"start":{"line":34,"column":0},"end":{"line":34,"column":25}}},"fnMap":{"0":{"name":"(anonymous_0)","decl":{"start":{"line":18,"column":18},"end":{"line":18,"column":null}},"loc":{"start":{"line":23,"column":12},"end":{"line":32,"column":1}}},"1":{"name":"(anonymous_1)","decl":{"start":{"line":30,"column":16},"end":{"line":30,"column":17}},"loc":{"start":{"line":30,"column":35},"end":{"line":30,"column":54}}}},"branchMap":{"0":{"loc":{"start":{"line":24,"column":24},"end":{"line":24,"column":37}},"type":"binary-expr","locations":[{"start":{"line":24,"column":24},"end":{"line":24,"column":31}},{"start":{"line":24,"column":35},"end":{"line":24,"column":37}}]},"1":{"loc":{"start":{"line":29,"column":9},"end":{"line":31,"column":11}},"type":"cond-expr","locations":[{"start":{"line":30,"column":6},"end":{"line":30,"column":78}},{"start":{"line":31,"column":6},"end":{"line":31,"column":11}}]},"2":{"loc":{"start":{"line":30,"column":61},"end":{"line":30,"column":77}},"type":"binary-expr","locations":[{"start":{"line":30,"column":61},"end":{"line":30,"column":70}},{"start":{"line":30,"column":74},"end":{"line":30,"column":77}}]}},"s":{"0":1,"1":5,"2":5,"3":5,"4":8,"5":1},"f":{"0":5,"1":8},"b":{"0":[5,5],"1":[5,0],"2":[5,5]}}
}
