{"E:\\GitHub\\keywee\\src\\array\\arrCross\\arrCross.ts": {"path":"E:\\GitHub\\keywee\\src\\array\\arrCross\\arrCross.ts","statementMap":{"0":{"start":{"line":15,"column":17},"end":{"line":17,"column":1}},"1":{"start":{"line":16,"column":2},"end":{"line":16,"column":61}},"2":{"start":{"line":16,"column":31},"end":{"line":16,"column":59}},"3":{"start":{"line":19,"column":0},"end":{"line":19,"column":24}}},"fnMap":{"0":{"name":"(anonymous_0)","decl":{"start":{"line":15,"column":17},"end":{"line":15,"column":18}},"loc":{"start":{"line":15,"column":54},"end":{"line":17,"column":1}}},"1":{"name":"(anonymous_1)","decl":{"start":{"line":16,"column":20},"end":{"line":16,"column":21}},"loc":{"start":{"line":16,"column":31},"end":{"line":16,"column":59}}}},"branchMap":{},"s":{"0":1,"1":1,"2":5,"3":1},"f":{"0":1,"1":5},"b":{}}
,"E:\\GitHub\\keywee\\src\\array\\arrDiff\\arrDiff.ts": {"path":"E:\\GitHub\\keywee\\src\\array\\arrDiff\\arrDiff.ts","statementMap":{"0":{"start":{"line":15,"column":16},"end":{"line":17,"column":1}},"1":{"start":{"line":16,"column":2},"end":{"line":16,"column":61}},"2":{"start":{"line":16,"column":31},"end":{"line":16,"column":59}},"3":{"start":{"line":19,"column":0},"end":{"line":19,"column":23}}},"fnMap":{"0":{"name":"(anonymous_0)","decl":{"start":{"line":15,"column":16},"end":{"line":15,"column":17}},"loc":{"start":{"line":15,"column":53},"end":{"line":17,"column":1}}},"1":{"name":"(anonymous_1)","decl":{"start":{"line":16,"column":20},"end":{"line":16,"column":21}},"loc":{"start":{"line":16,"column":31},"end":{"line":16,"column":59}}}},"branchMap":{},"s":{"0":2,"1":2,"2":10,"3":2},"f":{"0":2,"1":10},"b":{}}
,"E:\\GitHub\\keywee\\src\\array\\arrDiff\\index.ts": {"path":"E:\\GitHub\\keywee\\src\\array\\arrDiff\\index.ts","statementMap":{"0":{"start":{"line":1,"column":0},"end":{"line":1,"column":9}},"1":{"start":{"line":1,"column":9},"end":{"line":1,"column":27}}},"fnMap":{"0":{"name":"(anonymous_1)","decl":{"start":{"line":1,"column":9},"end":{"line":1,"column":16}},"loc":{"start":{"line":1,"column":9},"end":{"line":1,"column":27}}}},"branchMap":{},"s":{"0":1,"1":2},"f":{"0":1},"b":{}}
,"E:\\GitHub\\keywee\\src\\array\\arrUnion\\arrUnion.ts": {"path":"E:\\GitHub\\keywee\\src\\array\\arrUnion\\arrUnion.ts","statementMap":{"0":{"start":{"line":1,"column":0},"end":{"line":1,"column":37}},"1":{"start":{"line":17,"column":17},"end":{"line":19,"column":1}},"2":{"start":{"line":18,"column":2},"end":{"line":18,"column":43}},"3":{"start":{"line":21,"column":0},"end":{"line":21,"column":24}}},"fnMap":{"0":{"name":"(anonymous_0)","decl":{"start":{"line":17,"column":17},"end":{"line":17,"column":18}},"loc":{"start":{"line":17,"column":54},"end":{"line":19,"column":1}}}},"branchMap":{},"s":{"0":1,"1":1,"2":1,"3":1},"f":{"0":1},"b":{}}
,"E:\\GitHub\\keywee\\src\\object\\hasKey\\hasKey.ts": {"path":"E:\\GitHub\\keywee\\src\\object\\hasKey\\hasKey.ts","statementMap":{"0":{"start":{"line":21,"column":15},"end":{"line":40,"column":1}},"1":{"start":{"line":25,"column":16},"end":{"line":25,"column":20}},"2":{"start":{"line":27,"column":2},"end":{"line":37,"column":null}},"3":{"start":{"line":28,"column":4},"end":{"line":32,"column":7}},"4":{"start":{"line":29,"column":6},"end":{"line":31,"column":null}},"5":{"start":{"line":30,"column":8},"end":{"line":30,"column":24}},"6":{"start":{"line":34,"column":4},"end":{"line":36,"column":null}},"7":{"start":{"line":35,"column":6},"end":{"line":35,"column":22}},"8":{"start":{"line":39,"column":2},"end":{"line":39,"column":17}},"9":{"start":{"line":42,"column":0},"end":{"line":42,"column":22}}},"fnMap":{"0":{"name":"(anonymous_0)","decl":{"start":{"line":21,"column":15},"end":{"line":21,"column":null}},"loc":{"start":{"line":24,"column":13},"end":{"line":40,"column":1}}},"1":{"name":"(anonymous_1)","decl":{"start":{"line":28,"column":17},"end":{"line":28,"column":18}},"loc":{"start":{"line":28,"column":25},"end":{"line":32,"column":5}}}},"branchMap":{"0":{"loc":{"start":{"line":27,"column":2},"end":{"line":37,"column":null}},"type":"if","locations":[{"start":{"line":27,"column":2},"end":{"line":37,"column":null}},{"start":{"line":33,"column":9},"end":{"line":37,"column":null}}]},"1":{"loc":{"start":{"line":29,"column":6},"end":{"line":31,"column":null}},"type":"if","locations":[{"start":{"line":29,"column":6},"end":{"line":31,"column":null}}]},"2":{"loc":{"start":{"line":34,"column":4},"end":{"line":36,"column":null}},"type":"if","locations":[{"start":{"line":34,"column":4},"end":{"line":36,"column":null}}]}},"s":{"0":2,"1":11,"2":11,"3":2,"4":4,"5":1,"6":9,"7":2,"8":11,"9":2},"f":{"0":11,"1":4},"b":{"0":[2,9],"1":[1],"2":[2]}}
,"E:\\GitHub\\keywee\\src\\object\\hasKey\\index.ts": {"path":"E:\\GitHub\\keywee\\src\\object\\hasKey\\index.ts","statementMap":{"0":{"start":{"line":1,"column":0},"end":{"line":1,"column":9}},"1":{"start":{"line":1,"column":9},"end":{"line":1,"column":26}}},"fnMap":{"0":{"name":"(anonymous_1)","decl":{"start":{"line":1,"column":9},"end":{"line":1,"column":16}},"loc":{"start":{"line":1,"column":9},"end":{"line":1,"column":26}}}},"branchMap":{},"s":{"0":1,"1":4},"f":{"0":3},"b":{}}
,"E:\\GitHub\\keywee\\src\\object\\objFlush\\objFlush.ts": {"path":"E:\\GitHub\\keywee\\src\\object\\objFlush\\objFlush.ts","statementMap":{"0":{"start":{"line":1,"column":0},"end":{"line":1,"column":35}},"1":{"start":{"line":26,"column":17},"end":{"line":41,"column":1}},"2":{"start":{"line":30,"column":2},"end":{"line":38,"column":null}},"3":{"start":{"line":31,"column":4},"end":{"line":35,"column":7}},"4":{"start":{"line":32,"column":6},"end":{"line":34,"column":null}},"5":{"start":{"line":33,"column":8},"end":{"line":33,"column":24}},"6":{"start":{"line":36,"column":9},"end":{"line":38,"column":null}},"7":{"start":{"line":37,"column":4},"end":{"line":37,"column":21}},"8":{"start":{"line":40,"column":2},"end":{"line":40,"column":13}},"9":{"start":{"line":43,"column":0},"end":{"line":43,"column":24}}},"fnMap":{"0":{"name":"(anonymous_0)","decl":{"start":{"line":26,"column":17},"end":{"line":26,"column":null}},"loc":{"start":{"line":29,"column":19},"end":{"line":41,"column":1}}},"1":{"name":"(anonymous_1)","decl":{"start":{"line":31,"column":17},"end":{"line":31,"column":18}},"loc":{"start":{"line":31,"column":25},"end":{"line":35,"column":5}}}},"branchMap":{"0":{"loc":{"start":{"line":30,"column":2},"end":{"line":38,"column":null}},"type":"if","locations":[{"start":{"line":30,"column":2},"end":{"line":38,"column":null}},{"start":{"line":36,"column":9},"end":{"line":38,"column":null}}]},"1":{"loc":{"start":{"line":32,"column":6},"end":{"line":34,"column":null}},"type":"if","locations":[{"start":{"line":32,"column":6},"end":{"line":34,"column":null}}]},"2":{"loc":{"start":{"line":36,"column":9},"end":{"line":38,"column":null}},"type":"if","locations":[{"start":{"line":36,"column":9},"end":{"line":38,"column":null}}]}},"s":{"0":1,"1":1,"2":2,"3":1,"4":2,"5":2,"6":1,"7":1,"8":2,"9":1},"f":{"0":2,"1":2},"b":{"0":[1,1],"1":[2],"2":[1]}}
,"E:\\GitHub\\keywee\\src\\object\\objPick\\objPick.ts": {"path":"E:\\GitHub\\keywee\\src\\object\\objPick\\objPick.ts","statementMap":{"0":{"start":{"line":30,"column":16},"end":{"line":50,"column":1}},"1":{"start":{"line":38,"column":35},"end":{"line":38,"column":48}},"2":{"start":{"line":39,"column":35},"end":{"line":39,"column":37}},"3":{"start":{"line":41,"column":2},"end":{"line":47,"column":5}},"4":{"start":{"line":42,"column":4},"end":{"line":46,"column":null}},"5":{"start":{"line":43,"column":6},"end":{"line":43,"column":29}},"6":{"start":{"line":44,"column":11},"end":{"line":46,"column":null}},"7":{"start":{"line":45,"column":6},"end":{"line":45,"column":41}},"8":{"start":{"line":49,"column":2},"end":{"line":49,"column":16}},"9":{"start":{"line":52,"column":0},"end":{"line":52,"column":23}}},"fnMap":{"0":{"name":"(anonymous_0)","decl":{"start":{"line":30,"column":16},"end":{"line":30,"column":null}},"loc":{"start":{"line":37,"column":60},"end":{"line":50,"column":1}}},"1":{"name":"(anonymous_1)","decl":{"start":{"line":41,"column":15},"end":{"line":41,"column":16}},"loc":{"start":{"line":41,"column":23},"end":{"line":47,"column":3}}}},"branchMap":{"0":{"loc":{"start":{"line":38,"column":35},"end":{"line":38,"column":48}},"type":"binary-expr","locations":[{"start":{"line":38,"column":35},"end":{"line":38,"column":42}},{"start":{"line":38,"column":46},"end":{"line":38,"column":48}}]},"1":{"loc":{"start":{"line":42,"column":4},"end":{"line":46,"column":null}},"type":"if","locations":[{"start":{"line":42,"column":4},"end":{"line":46,"column":null}},{"start":{"line":44,"column":11},"end":{"line":46,"column":null}}]},"2":{"loc":{"start":{"line":44,"column":11},"end":{"line":46,"column":null}},"type":"if","locations":[{"start":{"line":44,"column":11},"end":{"line":46,"column":null}}]},"3":{"loc":{"start":{"line":45,"column":20},"end":{"line":45,"column":40}},"type":"binary-expr","locations":[{"start":{"line":45,"column":20},"end":{"line":45,"column":32}},{"start":{"line":45,"column":36},"end":{"line":45,"column":40}}]}},"s":{"0":1,"1":3,"2":3,"3":3,"4":6,"5":4,"6":2,"7":2,"8":3,"9":1},"f":{"0":3,"1":6},"b":{"0":[3,1],"1":[4,2],"2":[2],"3":[2,1]}}
,"E:\\GitHub\\keywee\\src\\object\\objSanitize\\objSanitize.ts": {"path":"E:\\GitHub\\keywee\\src\\object\\objSanitize\\objSanitize.ts","statementMap":{"0":{"start":{"line":41,"column":20},"end":{"line":86,"column":1}},"1":{"start":{"line":51,"column":4},"end":{"line":51,"column":17}},"2":{"start":{"line":52,"column":28},"end":{"line":52,"column":31}},"3":{"start":{"line":54,"column":18},"end":{"line":81,"column":3}},"4":{"start":{"line":55,"column":4},"end":{"line":80,"column":null}},"5":{"start":{"line":56,"column":24},"end":{"line":56,"column":65}},"6":{"start":{"line":59,"column":8},"end":{"line":62,"column":45}},"7":{"start":{"line":65,"column":8},"end":{"line":67,"column":27}},"8":{"start":{"line":69,"column":6},"end":{"line":79,"column":null}},"9":{"start":{"line":76,"column":8},"end":{"line":76,"column":27}},"10":{"start":{"line":77,"column":13},"end":{"line":79,"column":null}},"11":{"start":{"line":78,"column":8},"end":{"line":78,"column":29}},"12":{"start":{"line":83,"column":2},"end":{"line":83,"column":48}},"13":{"start":{"line":85,"column":2},"end":{"line":85,"column":46}},"14":{"start":{"line":88,"column":0},"end":{"line":88,"column":27}}},"fnMap":{"0":{"name":"(anonymous_0)","decl":{"start":{"line":41,"column":20},"end":{"line":41,"column":null}},"loc":{"start":{"line":49,"column":19},"end":{"line":86,"column":1}}},"1":{"name":"(anonymous_1)","decl":{"start":{"line":54,"column":18},"end":{"line":54,"column":19}},"loc":{"start":{"line":54,"column":52},"end":{"line":81,"column":3}}}},"branchMap":{"0":{"loc":{"start":{"line":51,"column":4},"end":{"line":51,"column":17}},"type":"binary-expr","locations":[{"start":{"line":51,"column":4},"end":{"line":51,"column":11}},{"start":{"line":51,"column":15},"end":{"line":51,"column":17}}]},"1":{"loc":{"start":{"line":56,"column":24},"end":{"line":56,"column":65}},"type":"cond-expr","locations":[{"start":{"line":56,"column":35},"end":{"line":56,"column":57}},{"start":{"line":56,"column":60},"end":{"line":56,"column":65}}]},"2":{"loc":{"start":{"line":59,"column":8},"end":{"line":62,"column":45}},"type":"binary-expr","locations":[{"start":{"line":59,"column":8},"end":{"line":59,"column":26}},{"start":{"line":60,"column":8},"end":{"line":60,"column":19}},{"start":{"line":61,"column":8},"end":{"line":61,"column":39}},{"start":{"line":62,"column":8},"end":{"line":62,"column":45}}]},"3":{"loc":{"start":{"line":65,"column":8},"end":{"line":67,"column":27}},"type":"binary-expr","locations":[{"start":{"line":65,"column":8},"end":{"line":65,"column":26}},{"start":{"line":66,"column":8},"end":{"line":66,"column":39}},{"start":{"line":67,"column":8},"end":{"line":67,"column":27}}]},"4":{"loc":{"start":{"line":69,"column":6},"end":{"line":79,"column":null}},"type":"if","locations":[{"start":{"line":69,"column":6},"end":{"line":79,"column":null}},{"start":{"line":77,"column":13},"end":{"line":79,"column":null}}]},"5":{"loc":{"start":{"line":70,"column":8},"end":{"line":74,"column":17}},"type":"binary-expr","locations":[{"start":{"line":70,"column":8},"end":{"line":70,"column":28}},{"start":{"line":71,"column":8},"end":{"line":71,"column":33}},{"start":{"line":72,"column":8},"end":{"line":72,"column":18}},{"start":{"line":73,"column":8},"end":{"line":73,"column":21}},{"start":{"line":74,"column":8},"end":{"line":74,"column":17}}]},"6":{"loc":{"start":{"line":77,"column":13},"end":{"line":79,"column":null}},"type":"if","locations":[{"start":{"line":77,"column":13},"end":{"line":79,"column":null}}]},"7":{"loc":{"start":{"line":83,"column":10},"end":{"line":83,"column":46}},"type":"cond-expr","locations":[{"start":{"line":83,"column":29},"end":{"line":83,"column":40}},{"start":{"line":83,"column":43},"end":{"line":83,"column":46}}]},"8":{"loc":{"start":{"line":85,"column":9},"end":{"line":85,"column":45}},"type":"cond-expr","locations":[{"start":{"line":85,"column":28},"end":{"line":85,"column":39}},{"start":{"line":85,"column":42},"end":{"line":85,"column":45}}]}},"s":{"0":1,"1":4,"2":4,"3":4,"4":14,"5":39,"6":39,"7":39,"8":39,"9":16,"10":23,"11":10,"12":4,"13":4,"14":1},"f":{"0":4,"1":14},"b":{"0":[4,1],"1":[15,24],"2":[39,2,2,1],"3":[39,3,2],"4":[16,23],"5":[39,37,35,33,32],"6":[10],"7":[0,4],"8":[0,4]}}
,"E:\\GitHub\\keywee\\src\\string\\snakeCase\\snakeCase.ts": {"path":"E:\\GitHub\\keywee\\src\\string\\snakeCase\\snakeCase.ts","statementMap":{"0":{"start":{"line":18,"column":18},"end":{"line":32,"column":1}},"1":{"start":{"line":24,"column":24},"end":{"line":24,"column":37}},"2":{"start":{"line":25,"column":16},"end":{"line":26,"column":null}},"3":{"start":{"line":29,"column":2},"end":{"line":31,"column":12}},"4":{"start":{"line":30,"column":35},"end":{"line":30,"column":54}},"5":{"start":{"line":34,"column":0},"end":{"line":34,"column":25}}},"fnMap":{"0":{"name":"(anonymous_0)","decl":{"start":{"line":18,"column":18},"end":{"line":18,"column":null}},"loc":{"start":{"line":23,"column":12},"end":{"line":32,"column":1}}},"1":{"name":"(anonymous_1)","decl":{"start":{"line":30,"column":16},"end":{"line":30,"column":17}},"loc":{"start":{"line":30,"column":35},"end":{"line":30,"column":54}}}},"branchMap":{"0":{"loc":{"start":{"line":24,"column":24},"end":{"line":24,"column":37}},"type":"binary-expr","locations":[{"start":{"line":24,"column":24},"end":{"line":24,"column":31}},{"start":{"line":24,"column":35},"end":{"line":24,"column":37}}]},"1":{"loc":{"start":{"line":29,"column":9},"end":{"line":31,"column":11}},"type":"cond-expr","locations":[{"start":{"line":30,"column":6},"end":{"line":30,"column":78}},{"start":{"line":31,"column":6},"end":{"line":31,"column":11}}]},"2":{"loc":{"start":{"line":30,"column":61},"end":{"line":30,"column":77}},"type":"binary-expr","locations":[{"start":{"line":30,"column":61},"end":{"line":30,"column":70}},{"start":{"line":30,"column":74},"end":{"line":30,"column":77}}]}},"s":{"0":1,"1":5,"2":5,"3":5,"4":8,"5":1},"f":{"0":5,"1":8},"b":{"0":[5,5],"1":[5,0],"2":[5,5]}}
}
