TN:
SF:src\array\arrCross\arrCross.ts
FN:15,(anonymous_0)
FN:16,(anonymous_1)
FNF:2
FNH:2
FNDA:1,(anonymous_0)
FNDA:5,(anonymous_1)
DA:15,1
DA:16,5
DA:19,1
LF:3
LH:3
BRF:0
BRH:0
end_of_record
TN:
SF:src\array\arrDiff\arrDiff.ts
FN:15,(anonymous_0)
FN:16,(anonymous_1)
FNF:2
FNH:2
FNDA:2,(anonymous_0)
FNDA:10,(anonymous_1)
DA:15,2
DA:16,10
DA:19,2
LF:3
LH:3
BRF:0
BRH:0
end_of_record
TN:
SF:src\array\arrDiff\index.ts
FN:1,(anonymous_1)
FNF:1
FNH:1
FNDA:1,(anonymous_1)
DA:1,2
LF:1
LH:1
BRF:0
BRH:0
end_of_record
TN:
SF:src\array\arrUnion\arrUnion.ts
FN:17,(anonymous_0)
FNF:1
FNH:1
FNDA:1,(anonymous_0)
DA:1,1
DA:17,1
DA:18,1
DA:21,1
LF:4
LH:4
BRF:0
BRH:0
end_of_record
TN:
SF:src\object\hasKey\hasKey.ts
FN:21,(anonymous_0)
FNF:1
FNH:1
FNDA:61,(anonymous_0)
DA:21,6
DA:25,61
DA:27,61
DA:28,2
DA:29,2
DA:30,3
DA:31,1
DA:32,1
DA:36,59
DA:37,4
DA:41,61
DA:44,6
LF:12
LH:12
BRDA:27,0,0,2
BRDA:27,0,1,59
BRDA:30,1,0,1
BRDA:36,2,0,4
BRF:4
BRH:4
end_of_record
TN:
SF:src\object\hasKey\index.ts
FN:1,(anonymous_1)
FNF:1
FNH:1
FNDA:54,(anonymous_1)
DA:1,59
LF:1
LH:1
BRF:0
BRH:0
end_of_record
TN:
SF:src\object\objFlush\objFlush.ts
FN:33,(anonymous_0)
FNF:1
FNH:1
FNDA:3,(anonymous_0)
DA:1,1
DA:33,1
DA:37,3
DA:38,1
DA:39,2
DA:40,2
DA:43,2
DA:44,1
DA:45,1
DA:46,2
DA:47,2
DA:50,1
DA:51,1
DA:54,3
DA:57,1
LF:15
LH:15
BRDA:37,0,0,1
BRDA:37,0,1,2
BRDA:39,1,0,2
BRDA:43,2,0,1
BRDA:43,2,1,1
BRDA:46,3,0,2
BRDA:50,4,0,1
BRF:7
BRH:7
end_of_record
TN:
SF:src\object\objKeys\objKeys.ts
FN:19,(anonymous_0)
FNF:1
FNH:1
FNDA:1,(anonymous_0)
DA:1,1
DA:19,1
DA:22,1
DA:24,1
DA:25,2
DA:26,2
DA:30,1
DA:33,1
LF:8
LH:8
BRDA:25,0,0,2
BRF:1
BRH:1
end_of_record
TN:
SF:src\object\objPick\objPick.ts
FN:32,(anonymous_0)
FNF:1
FNH:1
FNDA:3,(anonymous_0)
DA:1,1
DA:32,1
DA:40,3
DA:41,3
DA:43,3
DA:44,3
DA:45,6
DA:46,4
DA:47,2
DA:48,2
DA:52,3
DA:55,1
LF:12
LH:12
BRDA:40,0,0,3
BRDA:40,0,1,1
BRDA:45,1,0,4
BRDA:45,1,1,2
BRDA:47,2,0,2
BRDA:48,3,0,2
BRDA:48,3,1,1
BRF:7
BRH:7
end_of_record
TN:
SF:src\object\objSanitize\objSanitize.ts
FN:42,(anonymous_0)
FN:55,(anonymous_1)
FNF:2
FNH:2
FNDA:4,(anonymous_0)
FNDA:14,(anonymous_1)
DA:1,1
DA:42,1
DA:52,4
DA:53,4
DA:55,4
DA:56,14
DA:57,39
DA:59,39
DA:62,39
DA:68,39
DA:72,39
DA:79,16
DA:80,23
DA:81,10
DA:86,4
DA:88,4
DA:91,1
LF:17
LH:17
BRDA:52,0,0,4
BRDA:52,0,1,1
BRDA:57,1,0,0
BRDA:59,2,0,15
BRDA:59,2,1,24
BRDA:62,3,0,39
BRDA:62,3,1,2
BRDA:62,3,2,2
BRDA:62,3,3,1
BRDA:68,4,0,39
BRDA:68,4,1,3
BRDA:68,4,2,2
BRDA:72,5,0,16
BRDA:72,5,1,23
BRDA:73,6,0,39
BRDA:73,6,1,37
BRDA:73,6,2,35
BRDA:73,6,3,33
BRDA:73,6,4,32
BRDA:80,7,0,10
BRDA:86,8,0,0
BRDA:86,8,1,4
BRDA:88,9,0,0
BRDA:88,9,1,4
BRF:24
BRH:21
end_of_record
TN:
SF:src\object\objValues\objValues.ts
FN:19,(anonymous_0)
FNF:1
FNH:1
FNDA:1,(anonymous_0)
DA:1,1
DA:19,1
DA:26,1
DA:28,1
DA:29,2
DA:30,2
DA:34,1
DA:37,1
LF:8
LH:8
BRDA:29,0,0,2
BRF:1
BRH:1
end_of_record
TN:
SF:src\string\snakeCase\snakeCase.ts
FN:18,(anonymous_0)
FN:30,(anonymous_1)
FNF:2
FNH:2
FNDA:5,(anonymous_0)
FNDA:8,(anonymous_1)
DA:18,1
DA:24,5
DA:25,5
DA:29,5
DA:30,8
DA:34,1
LF:6
LH:6
BRDA:24,0,0,5
BRDA:24,0,1,5
BRDA:29,1,0,5
BRDA:29,1,1,0
BRDA:30,2,0,5
BRDA:30,2,1,5
BRF:6
BRH:5
end_of_record
