TN:
SF:src\array\arrCross\arrCross.ts
FN:15,(anonymous_0)
FN:16,(anonymous_1)
FNF:2
FNH:2
FNDA:1,(anonymous_0)
FNDA:5,(anonymous_1)
DA:15,1
DA:16,5
DA:19,1
LF:3
LH:3
BRF:0
BRH:0
end_of_record
TN:
SF:src\array\arrDiff\arrDiff.ts
FN:15,(anonymous_0)
FN:16,(anonymous_1)
FNF:2
FNH:2
FNDA:2,(anonymous_0)
FNDA:10,(anonymous_1)
DA:15,2
DA:16,10
DA:19,2
LF:3
LH:3
BRF:0
BRH:0
end_of_record
TN:
SF:src\array\arrDiff\index.ts
FN:1,(anonymous_1)
FNF:1
FNH:1
FNDA:1,(anonymous_1)
DA:1,2
LF:1
LH:1
BRF:0
BRH:0
end_of_record
TN:
SF:src\array\arrUnion\arrUnion.ts
FN:17,(anonymous_0)
FNF:1
FNH:1
FNDA:1,(anonymous_0)
DA:1,1
DA:17,1
DA:18,1
DA:21,1
LF:4
LH:4
BRF:0
BRH:0
end_of_record
TN:
SF:src\object\hasKey\hasKey.ts
FN:21,(anonymous_0)
FN:28,(anonymous_1)
FNF:2
FNH:2
FNDA:11,(anonymous_0)
FNDA:4,(anonymous_1)
DA:21,2
DA:25,11
DA:27,11
DA:28,2
DA:29,4
DA:30,1
DA:34,9
DA:35,2
DA:39,11
DA:42,2
LF:10
LH:10
BRDA:27,0,0,2
BRDA:27,0,1,9
BRDA:29,1,0,1
BRDA:34,2,0,2
BRF:4
BRH:4
end_of_record
TN:
SF:src\object\hasKey\index.ts
FN:1,(anonymous_1)
FNF:1
FNH:1
FNDA:3,(anonymous_1)
DA:1,4
LF:1
LH:1
BRF:0
BRH:0
end_of_record
TN:
SF:src\object\objFlush\objFlush.ts
FN:26,(anonymous_0)
FN:31,(anonymous_1)
FNF:2
FNH:2
FNDA:2,(anonymous_0)
FNDA:2,(anonymous_1)
DA:1,1
DA:26,1
DA:30,2
DA:31,1
DA:32,2
DA:33,2
DA:36,1
DA:37,1
DA:40,2
DA:43,1
LF:10
LH:10
BRDA:30,0,0,1
BRDA:30,0,1,1
BRDA:32,1,0,2
BRDA:36,2,0,1
BRF:4
BRH:4
end_of_record
TN:
SF:src\object\objPick\objPick.ts
FN:30,(anonymous_0)
FN:41,(anonymous_1)
FNF:2
FNH:2
FNDA:3,(anonymous_0)
FNDA:6,(anonymous_1)
DA:30,1
DA:38,3
DA:39,3
DA:41,3
DA:42,6
DA:43,4
DA:44,2
DA:45,2
DA:49,3
DA:52,1
LF:10
LH:10
BRDA:38,0,0,3
BRDA:38,0,1,1
BRDA:42,1,0,4
BRDA:42,1,1,2
BRDA:44,2,0,2
BRDA:45,3,0,2
BRDA:45,3,1,1
BRF:7
BRH:7
end_of_record
TN:
SF:src\object\objSanitize\objSanitize.ts
FN:41,(anonymous_0)
FN:54,(anonymous_1)
FNF:2
FNH:2
FNDA:4,(anonymous_0)
FNDA:14,(anonymous_1)
DA:41,1
DA:51,4
DA:52,4
DA:54,4
DA:55,14
DA:56,39
DA:59,39
DA:65,39
DA:69,39
DA:76,16
DA:77,23
DA:78,10
DA:83,4
DA:85,4
DA:88,1
LF:15
LH:15
BRDA:51,0,0,4
BRDA:51,0,1,1
BRDA:56,1,0,15
BRDA:56,1,1,24
BRDA:59,2,0,39
BRDA:59,2,1,2
BRDA:59,2,2,2
BRDA:59,2,3,1
BRDA:65,3,0,39
BRDA:65,3,1,3
BRDA:65,3,2,2
BRDA:69,4,0,16
BRDA:69,4,1,23
BRDA:70,5,0,39
BRDA:70,5,1,37
BRDA:70,5,2,35
BRDA:70,5,3,33
BRDA:70,5,4,32
BRDA:77,6,0,10
BRDA:83,7,0,0
BRDA:83,7,1,4
BRDA:85,8,0,0
BRDA:85,8,1,4
BRF:23
BRH:21
end_of_record
TN:
SF:src\string\snakeCase\snakeCase.ts
FN:18,(anonymous_0)
FN:30,(anonymous_1)
FNF:2
FNH:2
FNDA:5,(anonymous_0)
FNDA:8,(anonymous_1)
DA:18,1
DA:24,5
DA:25,5
DA:29,5
DA:30,8
DA:34,1
LF:6
LH:6
BRDA:24,0,0,5
BRDA:24,0,1,5
BRDA:29,1,0,5
BRDA:29,1,1,0
BRDA:30,2,0,5
BRDA:30,2,1,5
BRF:6
BRH:5
end_of_record
